==48043== Memcheck, a memory error detector
==48043== Copyright (C) 2002-2017, and GNU GPL'd, by Julian Seward et al.
==48043== Using Valgrind-3.18.1 and LibVEX; rerun with -h for copyright info
==48043== Command: ./minishell
==48043== Parent PID: 48042
==48043== 
==48070== 
==48070== HEAP SUMMARY:
==48070==     in use at exit: 208,319 bytes in 231 blocks
==48070==   total heap usage: 828 allocs, 597 frees, 241,149 bytes allocated
==48070== 
==48070== LEAK SUMMARY:
==48070==    definitely lost: 0 bytes in 0 blocks
==48070==    indirectly lost: 0 bytes in 0 blocks
==48070==      possibly lost: 0 bytes in 0 blocks
==48070==    still reachable: 0 bytes in 0 blocks
==48070==         suppressed: 208,319 bytes in 231 blocks
==48070== 
==48070== For lists of detected and suppressed errors, rerun with: -s
==48070== ERROR SUMMARY: 0 errors from 0 contexts (suppressed: 0 from 0)
==48088== 
==48088== HEAP SUMMARY:
==48088==     in use at exit: 208,622 bytes in 252 blocks
==48088==   total heap usage: 925 allocs, 673 frees, 245,526 bytes allocated
==48088== 
==48088== LEAK SUMMARY:
==48088==    definitely lost: 0 bytes in 0 blocks
==48088==    indirectly lost: 0 bytes in 0 blocks
==48088==      possibly lost: 0 bytes in 0 blocks
==48088==    still reachable: 0 bytes in 0 blocks
==48088==         suppressed: 208,622 bytes in 252 blocks
==48088== 
==48088== For lists of detected and suppressed errors, rerun with: -s
==48088== ERROR SUMMARY: 0 errors from 0 contexts (suppressed: 0 from 0)
==48099== 
==48099== HEAP SUMMARY:
==48099==     in use at exit: 208,721 bytes in 258 blocks
==48099==   total heap usage: 959 allocs, 701 frees, 246,997 bytes allocated
==48099== 
==48099== LEAK SUMMARY:
==48099==    definitely lost: 0 bytes in 0 blocks
==48099==    indirectly lost: 0 bytes in 0 blocks
==48099==      possibly lost: 0 bytes in 0 blocks
==48099==    still reachable: 0 bytes in 0 blocks
==48099==         suppressed: 208,721 bytes in 258 blocks
==48099== 
==48099== For lists of detected and suppressed errors, rerun with: -s
==48099== ERROR SUMMARY: 0 errors from 0 contexts (suppressed: 0 from 0)
==48154== 
==48154== HEAP SUMMARY:
==48154==     in use at exit: 210,097 bytes in 318 blocks
==48154==   total heap usage: 1,337 allocs, 1,019 frees, 260,171 bytes allocated
==48154== 
==48154== LEAK SUMMARY:
==48154==    definitely lost: 0 bytes in 0 blocks
==48154==    indirectly lost: 0 bytes in 0 blocks
==48154==      possibly lost: 0 bytes in 0 blocks
==48154==    still reachable: 0 bytes in 0 blocks
==48154==         suppressed: 210,097 bytes in 318 blocks
==48154== 
==48154== For lists of detected and suppressed errors, rerun with: -s
==48154== ERROR SUMMARY: 0 errors from 0 contexts (suppressed: 0 from 0)
==48155== 
==48155== HEAP SUMMARY:
==48155==     in use at exit: 210,097 bytes in 318 blocks
==48155==   total heap usage: 1,337 allocs, 1,019 frees, 260,171 bytes allocated
==48155== 
==48155== LEAK SUMMARY:
==48155==    definitely lost: 0 bytes in 0 blocks
==48155==    indirectly lost: 0 bytes in 0 blocks
==48155==      possibly lost: 0 bytes in 0 blocks
==48155==    still reachable: 0 bytes in 0 blocks
==48155==         suppressed: 210,097 bytes in 318 blocks
==48155== 
==48155== For lists of detected and suppressed errors, rerun with: -s
==48155== ERROR SUMMARY: 0 errors from 0 contexts (suppressed: 0 from 0)
==48159== 
==48159== HEAP SUMMARY:
==48159==     in use at exit: 210,148 bytes in 321 blocks
==48159==   total heap usage: 1,364 allocs, 1,043 frees, 261,405 bytes allocated
==48159== 
==48159== LEAK SUMMARY:
==48159==    definitely lost: 0 bytes in 0 blocks
==48159==    indirectly lost: 0 bytes in 0 blocks
==48159==      possibly lost: 0 bytes in 0 blocks
==48159==    still reachable: 0 bytes in 0 blocks
==48159==         suppressed: 210,148 bytes in 321 blocks
==48159== 
==48159== For lists of detected and suppressed errors, rerun with: -s
==48159== ERROR SUMMARY: 0 errors from 0 contexts (suppressed: 0 from 0)
==48160== 
==48160== HEAP SUMMARY:
==48160==     in use at exit: 210,148 bytes in 321 blocks
==48160==   total heap usage: 1,364 allocs, 1,043 frees, 261,405 bytes allocated
==48160== 
==48160== LEAK SUMMARY:
==48160==    definitely lost: 0 bytes in 0 blocks
==48160==    indirectly lost: 0 bytes in 0 blocks
==48160==      possibly lost: 0 bytes in 0 blocks
==48160==    still reachable: 0 bytes in 0 blocks
==48160==         suppressed: 210,148 bytes in 321 blocks
==48160== 
==48160== For lists of detected and suppressed errors, rerun with: -s
==48160== ERROR SUMMARY: 0 errors from 0 contexts (suppressed: 0 from 0)
==48043== 
==48043== HEAP SUMMARY:
==48043==     in use at exit: 208,640 bytes in 228 blocks
==48043==   total heap usage: 1,368 allocs, 1,140 frees, 261,455 bytes allocated
==48043== 
==48043== LEAK SUMMARY:
==48043==    definitely lost: 0 bytes in 0 blocks
==48043==    indirectly lost: 0 bytes in 0 blocks
==48043==      possibly lost: 0 bytes in 0 blocks
==48043==    still reachable: 0 bytes in 0 blocks
==48043==         suppressed: 208,640 bytes in 228 blocks
==48043== 
==48043== For lists of detected and suppressed errors, rerun with: -s
==48043== ERROR SUMMARY: 0 errors from 0 contexts (suppressed: 0 from 0)
